[
    {
        "flight_id": "AF113",
        "cargo_load": ["CARGO1234", "CARGO5678", "CARGO2345"],
        "total_weight": 670,
        "total_volume": 4.2,
        "unused_weight_capacity": 9330,
        "unused_volume_capacity": 55.8
    },
    {
        "flight_id": "BA224",
        "cargo_load": ["CARGO9101", "CARGO1121", "CARGO2211"],
        "total_weight": 970,
        "total_volume": 5.3,
        "unused_weight_capacity": 14030,
        "unused_volume_capacity": 74.7
    },
    {
        "flight_id": "LH330",
        "cargo_load": ["CARGO4433", "CARGO5544"],
        "total_weight": 320,
        "total_volume": 1.8,
        "unused_weight_capacity": 7680,
        "unused_volume_capacity": 48.2
    },
    {
        "flight_id": "UA440",
        "cargo_load": ["CARGO6655", "CARGO7766"],
        "total_weight": 850,
        "total_volume": 4.7,
        "unused_weight_capacity": 11150,
        "unused_volume_capacity": 60.3
    },
    {
        "flight_id": "DL550",
        "cargo_load": ["CARGO8877", "CARGO9988"],
        "total_weight": 600,
        "total_volume": 3.5,
        "unused_weight_capacity": 8900,
        "unused_volume_capacity": 51.5
    },
    {
        "flight_id": "EK660",
        "cargo_load": ["CARGO1099", "CARGO1010"],
        "total_weight": 1200,
        "total_volume": 6.0,
        "unused_weight_capacity": 11800,
        "unused_volume_capacity": 69.0
    },
    {
        "flight_id": "QF770",
        "cargo_load": ["CARGO1111", "CARGO1222"],
        "total_weight": 750,
        "total_volume": 4.2,
        "unused_weight_capacity": 7750,
        "unused_volume_capacity": 53.8
    },
    {
        "flight_id": "AA880",
        "cargo_load": ["CARGO1333", "CARGO1444"],
        "total_weight": 1300,
        "total_volume": 7.5,
        "unused_weight_capacity": 12700,
        "unused_volume_capacity": 62.5
    },
    {
        "flight_id": "SQ345",
        "cargo_load": ["CARGO1555", "CARGO1666"],
        "total_weight": 1050,
        "total_volume": 5.6,
        "unused_weight_capacity": 9950,
        "unused_volume_capacity": 61.4
    },
    {
        "flight_id": "BA229",
        "cargo_load": ["CARGO1777", "CARGO1888"],
        "total_weight": 1600,
        "total_volume": 8.5,
        "unused_weight_capacity": 14400,
        "unused_volume_capacity": 76.5
    }
]
